<?xml version="1.0" encoding="UTF-8"?>
<testng-results skipped="0" failed="0" total="1" passed="1">
  <reporter-output>
  </reporter-output>
  <suite name="Default suite" duration-ms="34296" started-at="2018-05-12T16:42:26Z" finished-at="2018-05-12T16:43:01Z">
    <groups>
    </groups>
    <test name="Default test" duration-ms="34296" started-at="2018-05-12T16:42:26Z" finished-at="2018-05-12T16:43:01Z">
      <class name="com.test.pages.apiDemos.initializationPage">
        <test-method status="PASS" signature="f()[pri:0, instance:com.test.pages.apiDemos.initializationPage@27efef64]" name="f" duration-ms="34260" started-at="2018-05-12T22:12:26Z" finished-at="2018-05-12T22:13:01Z">
          <reporter-output>
          </reporter-output>
        </test-method> <!-- f -->
      </class> <!-- com.test.pages.apiDemos.initializationPage -->
    </test> <!-- Default test -->
  </suite> <!-- Default suite -->
</testng-results>
